[31mERROR[39m [2021-12-06, 12:25:23 PM] (12192 on DESKTOP-KSK1F8K): [36mInternal server error[39m
[31mERROR[39m [2021-12-06, 12:25:23 PM] (12192 on DESKTOP-KSK1F8K): [36mLogin route has been accessed[39m
[90mTRACE[39m [2021-12-06, 12:25:23 PM] (12192 on DESKTOP-KSK1F8K): [36mrequest completed[39m
    res: {
      "statusCode": 200,
      "headers": {
        "x-powered-by": "Express",
        "vary": "Origin",
        "set-cookie": "token=eyJhbGciOiJIUzI1NiIsInR5cCI6IkpXVCJ9.eyJlbWFpbCI6ImR1Z2dhbC5zYXJ0aGFrMTJAZ21haWwuY29tIiwiaWF0IjoxNjIzNTAwNzIzLCJleHAiOjE2MjM1MDQzMjN9.Yw8LV3mWgof3XBuE-oxOnAaWqZoUfnafbGLNTw91tNo; Max-Age=1209600; Path=/; Expires=Sat, 26 Jun 2021 12:25:23 GMT; HttpOnly",
        "access-control-allow-credentials": "true",
        "content-type": "application/json; charset=utf-8",
        "content-length": "242",
        "etag": "W/\"f2-Xj9grTtQ1/lnjiu563ZcedJAFJI\""
      }
    }
    responseTime: 316
    req: {
      "id": 2,
      "method": "POST",
      "url": "/api/user/login",
      "headers": {
        "user-agent": "Thunder Client (https://www.thunderclient.io)",
        "accept": "*/*",
        "content-type": "application/json",
        "content-length": "93",
        "accept-encoding": "gzip, deflate, br",
        "cookie": "token=eyJhbGciOiJIUzI1NiIsInR5cCI6IkpXVCJ9.eyJlbWFpbCI6ImR1Z2dhbC5zYXJ0aGFrMTJAZ21haWwuY29tIiwiaWF0IjoxNjIzNTAwNzAwLCJleHAiOjE2MjM1MDQzMDB9.AVqEVm-75PW3-MqBqyEUYcW78i_YisMYl0FfnnHiQds",
        "host": "localhost:5000",
        "connection": "close"
      },
      "remoteAddress": "::ffff:127.0.0.1",
      "remotePort": 63759
    }
[31mERROR[39m [2021-12-06, 1:09:44 PM] (7144 on DESKTOP-KSK1F8K): [36mLogin route has been accessed[39m
[90mTRACE[39m [2021-12-06, 1:09:44 PM] (7144 on DESKTOP-KSK1F8K): [36mrequest completed[39m
    res: {
      "statusCode": 200,
      "headers": {
        "x-powered-by": "Express",
        "vary": "Origin",
        "set-cookie": "token=eyJhbGciOiJIUzI1NiIsInR5cCI6IkpXVCJ9.eyJlbWFpbCI6ImR1Z2dhbC5zYXJ0aGFrMTJAZ21haWwuY29tIiwiaWF0IjoxNjIzNTAzMzg0LCJleHAiOjE2MjM1MDY5ODR9.NwMvAzJeRGwl3W_YcoDRrJRRVgNZ3zYcpHtfaHcMJpY; Max-Age=1209600; Path=/; Expires=Sat, 26 Jun 2021 13:09:44 GMT; HttpOnly",
        "access-control-allow-credentials": "true",
        "content-type": "application/json; charset=utf-8",
        "content-length": "242",
        "etag": "W/\"f2-h0SDoWrVW0m20kELn3NMOcHNvKA\""
      }
    }
    responseTime: 146
    req: {
      "id": 1,
      "method": "POST",
      "url": "/api/user/login",
      "headers": {
        "user-agent": "Thunder Client (https://www.thunderclient.io)",
        "accept": "*/*",
        "content-type": "application/json",
        "content-length": "93",
        "accept-encoding": "gzip, deflate, br",
        "cookie": "token=eyJhbGciOiJIUzI1NiIsInR5cCI6IkpXVCJ9.eyJlbWFpbCI6ImR1Z2dhbC5zYXJ0aGFrMTJAZ21haWwuY29tIiwiaWF0IjoxNjIzNTAzMTgwLCJleHAiOjE2MjM1MDY3ODB9.NsZ7wl8M1WNNvyrgtTRPZiu6iPAXy3hu2hFfHfOnp3Q",
        "host": "localhost:5000",
        "connection": "close"
      },
      "remoteAddress": "::ffff:127.0.0.1",
      "remotePort": 64690
    }
